<?xml version="1.0" encoding="UTF-8"?>
<!-- Generated by org.testng.reporters.JUnitReportReporter -->
<testsuite hostname="LAPTOP-BNEF5TES" failures="0" tests="1" name="scripts.Test1" time="0.024" errors="0" timestamp="2022-12-10T14:01:27 IST" skipped="0">
  <testcase classname="scripts.Test1" name="tc1" time="0.024"/>
  <system-out>
    <![CDATA[TC1]]>
  </system-out>
</testsuite> <!-- scripts.Test1 -->
