<?xml version="1.0" encoding="UTF-8"?>
<!-- Generated by org.testng.reporters.JUnitReportReporter -->
<testsuite hostname="LAPTOP-BNEF5TES" failures="0" tests="1" name="scripts.Test3" time="0.011" errors="0" timestamp="2022-12-10T14:01:27 IST" skipped="1">
  <testcase classname="scripts.Test3" name="tc3" time="0.011">
    <skipped/>
  </testcase> <!-- tc3 -->
  <system-out>
    <![CDATA[TC3]]>
  </system-out>
</testsuite> <!-- scripts.Test3 -->
